C51 COMPILER V9.60.0.0   LED                                                               07/19/2021 23:31:05 PAGE 1   


C51 COMPILER V9.60.0.0, COMPILATION OF MODULE LED
OBJECT MODULE PLACED IN .\Objects\led.obj
COMPILER INVOKED BY: D:\Keil_v5\C51\BIN\C51.EXE Src\led.c OPTIMIZE(8,SPEED) BROWSE INCDIR(.\Inc) DEBUG OBJECTEXTEND PRIN
                    -T(.\Listings\led.lst) OBJECT(.\Objects\led.obj)

line level    source

   1          /*******************************************************************************
   2           * 外部中断按键程序例子                                                                                                                  *
   3           *******************************************************************************
   4           * 作者：            信念D力量                                                                                                      *
   5           * 网站：            https://zsf90.github.io                                                                            *
   6           * Git:                 https://www.github.com/zsf90                                                               *
   7           * 哔哩哔哩:        https://space.bilibili.com/334715750                                               *
   8           * 创建日期：      2021-7-13                                                                                                          *
   9           * 更新日期：      2021-7-13                                                                                                          *
  10           *******************************************************************************
  11           * INT0 -> P3.2                                                                                                                            *
  12           * INT1 -> P3.3                                                                                                                            *
  13           * INT2 -> P3.6                                                                                                                            *
  14           *******************************************************************************
  15          */
  16          #include "public.h"
  17          #include "delay.h"
  18          #include "led.h"
  19          
  20          void led_toggle(uint32_t ms)
  21          {
  22   1              DelayMs(ms);
  23   1              led = ~led;
  24   1      }


MODULE INFORMATION:   STATIC OVERLAYABLE
   CODE SIZE        =      6    ----
   CONSTANT SIZE    =   ----    ----
   XDATA SIZE       =   ----    ----
   PDATA SIZE       =   ----    ----
   DATA SIZE        =   ----    ----
   IDATA SIZE       =   ----    ----
   BIT SIZE         =   ----    ----
END OF MODULE INFORMATION.


C51 COMPILATION COMPLETE.  0 WARNING(S),  0 ERROR(S)
