C51 COMPILER V9.60.0.0   MAIN                                                              07/19/2021 23:31:05 PAGE 1   


C51 COMPILER V9.60.0.0, COMPILATION OF MODULE MAIN
OBJECT MODULE PLACED IN .\Objects\main.obj
COMPILER INVOKED BY: D:\Keil_v5\C51\BIN\C51.EXE Src\main.c OPTIMIZE(8,SPEED) BROWSE INCDIR(.\Inc) DEBUG OBJECTEXTEND PRI
                    -NT(.\Listings\main.lst) OBJECT(.\Objects\main.obj)

line level    source

   1          /*******************************************************************************
   2           * STC8A8K63S412A 第一个程序                                                   *
   3           *******************************************************************************
   4           * 作者：            信念D力量                                                                                                      *
   5           * 网站：            https://zsf90.github.io                                                                            *
   6           * Git:            https://www.github.com/zsf90                                                                    *
   7           * 哔哩哔哩:        https://space.bilibili.com/334715750                                               *
   8           * 创建日期：      2021-7-13                                                                                                          *
   9           * 更新日期：      2021-7-13                                                                                                          *
  10           *******************************************************************************
  11           *******************************************************************************
  12          */
  13          
  14          #include "public.h"
  15          #include <intrins.h>
  16          #include "stdio.h"
  17          #include "led.h"
  18          #include "key.h"
  19          #include "uart.h"
  20          #include "delay.h"
  21          
  22          
  23          uint32_t num = 0;
  24          float temp = 2.65f;
  25          
  26          // 时钟初始化
  27          void SystemClkInit()
  28          {
  29   1              P_SW2 = 0x80;
  30   1              CKSEL = 0x00;   // 主时钟选择
  31   1              CLKDIV = 0x00;  // 
  32   1              P_SW2 = 0x00;
  33   1      }
  34          
  35          // GPIO 初始化函数
  36          void GPIO_Init()
  37          {
  38   1              /* 配置P0 */
  39   1              P0M0 = 0x01;
  40   1              P0M1 = 0x00;
  41   1          
  42   1          /* 串口1 GPIO 配置P3.1 配置为强推挽输出 */
  43   1          P3M0 = 0x02; /* 0000 0010 */
  44   1          P3M1 = 0x00;    
  45   1          
  46   1      }
  47          
  48          
  49          int main(void)
  50          {
  51   1              SystemClkInit();    /* 系统时钟初始化 */
  52   1              GPIO_Init();        /* GPIO初始化 */
  53   1              key_init();                 /* 按键初始化 */
  54   1          UartInit();         /* 串口初始化 */
C51 COMPILER V9.60.0.0   MAIN                                                              07/19/2021 23:31:05 PAGE 2   

  55   1          
  56   1              
  57   1              while(1)
  58   1              {
  59   2              UartReceiveHandle();
  60   2              
  61   2              if(key_up_over == 1)
  62   2              {
  63   3                  num++;
  64   3                  temp += 0.1;
  65   3                  printf("num: %ld\r\n", num);
  66   3                  printf("当前温度为: %.2f\r\n", temp);
  67   3                  key_up_over = 0;
  68   3              }
  69   2              
  70   2              if(key_down_over == 1)
  71   2              {
  72   3                  num--;
  73   3                  temp -= 0.1;
  74   3                  printf("num: %ld\r\n", num);
  75   3                  printf("当前温度为: %.2f\r\n", temp);
  76   3                  key_down_over = 0;
  77   3              }
  78   2              }
  79   1      }


MODULE INFORMATION:   STATIC OVERLAYABLE
   CODE SIZE        =    236    ----
   CONSTANT SIZE    =     35    ----
   XDATA SIZE       =   ----    ----
   PDATA SIZE       =   ----    ----
   DATA SIZE        =      8    ----
   IDATA SIZE       =   ----    ----
   BIT SIZE         =   ----    ----
END OF MODULE INFORMATION.


C51 COMPILATION COMPLETE.  0 WARNING(S),  0 ERROR(S)
